17:00:26.048 [main                     ] DEBUG Logger               - Configured Logger
17:00:26.074 [main                     ] DEBUG GameApplication      - Logging settings
Title: FutureFighter
Version: 0.1
Width: 512
Height: 1024
Fullscreen: false
Intro: false
Profiling: false
Single step:false
App Mode: DEVELOPER
Menu Key: ESCAPE
Stage Style: DECORATED
Scene Factory: class com.canoe.Game$1

17:00:26.332 [JavaFX Application Thread] DEBUG FXGLApplication      - Initializing FXGL
17:00:26.336 [JavaFX Application Thread] INFO  Engine               - FXGL-17 (31.12.2021 18.16) on WINDOWS (J:17.0.3.1 FX:19.0.2.1)
17:00:26.336 [JavaFX Application Thread] DEBUG Engine               - JRE Vendor Name: Oracle Corporation
17:00:26.336 [JavaFX Application Thread] DEBUG Engine               - Running on OS: Windows 11 version 10.0
17:00:26.336 [JavaFX Application Thread] DEBUG Engine               - Architecture: amd64
17:00:26.337 [JavaFX Application Thread] INFO  Engine               - Source code and latest versions at: https://github.com/AlmasB/FXGL
17:00:26.337 [JavaFX Application Thread] INFO  Engine               -       Ask questions and discuss at: https://github.com/AlmasB/FXGL/discussions
17:00:26.337 [JavaFX Application Thread] INFO  Engine               -              Join the FXGL chat at: https://gitter.im/AlmasB/FXGL
17:00:26.392 [JavaFX Application Thread] DEBUG PrimaryStageWindow   - Creating a JavaFX scene
17:00:26.392 [JavaFX Application Thread] DEBUG PrimaryStageWindow   - Target size > screen size
17:00:26.420 [JavaFX Application Thread] DEBUG PrimaryStageWindow   - Target settings size: 512.0 x 1024.0
17:00:26.420 [JavaFX Application Thread] DEBUG PrimaryStageWindow   - Scaled scene size:    484.0 x 1018.0
17:00:26.421 [JavaFX Application Thread] DEBUG PrimaryStageWindow   - Scaled ratio: (0.9453125, 0.994140625)
17:00:26.421 [JavaFX Application Thread] DEBUG PrimaryStageWindow   - Set initial scene to FXGLStartupScene
17:00:26.423 [JavaFX Application Thread] DEBUG PrimaryStageWindow   - Opening main window
17:00:26.489 [JavaFX Application Thread] DEBUG PrimaryStageWindow   - Window border size: (14.666656494140625, 37.3333740234375)
17:00:26.489 [JavaFX Application Thread] DEBUG PrimaryStageWindow   - Scaled size: 484.0 x 1018.0
17:00:26.490 [JavaFX Application Thread] DEBUG PrimaryStageWindow   - Scaled ratio: (0.9453125, 0.994140625)
17:00:26.490 [JavaFX Application Thread] DEBUG PrimaryStageWindow   - Scene size: 484.0 x 1018.0
17:00:26.490 [JavaFX Application Thread] DEBUG PrimaryStageWindow   - Stage size: 498.6666564941406 x 1055.3333740234375
17:00:26.496 [FXGL Background Thread 1 ] DEBUG Engine               - Initializing environment variables
17:00:26.521 [FXGL Background Thread 1 ] DEBUG FXGLAssetLoaderServi - User app class for loading assets: class com.canoe.Game
17:00:26.522 [FXGL Background Thread 1 ] DEBUG GameApplicationServi - Applying CSS: fxgl_dark.css
17:00:26.523 [FXGL Background Thread 1 ] DEBUG FXGLAssetLoaderServi - Loading from file system: jar:file:///C:/Users/canoe/.m2/repository/com/github/almasb/fxgl/17/fxgl-17.jar!/fxglassets/ui/css/fxgl_dark.css
17:00:26.561 [FXGL Background Thread 1 ] DEBUG GameApplicationServi - Initializing application scenes
17:00:26.563 [FXGL Background Thread 1 ] DEBUG FXGLAssetLoaderServi - Loading from file system: file:/D:/Q1/FutureFighter/target/classes/assets/textures/ui/scene/loading.png
17:00:26.587 [FXGL Background Thread 1 ] DEBUG FXGLAssetLoaderServi - Loading from file system: file:/D:/Q1/FutureFighter/target/classes/assets/textures/ui/scene/loadingOut.png
17:00:26.604 [FXGL Background Thread 1 ] DEBUG GameWorld            - Game world initialized
17:00:26.647 [FXGL Background Thread 1 ] DEBUG PhysicsWorld         - Physics world initialized: appHeight=1024, physics.ppm=50.0
17:00:26.647 [FXGL Background Thread 1 ] DEBUG PhysicsWorld         - Using strategy: BRUTE_FORCE
17:00:26.650 [FXGL Background Thread 1 ] DEBUG GameScene            - Game scene initialized: 512x1024
17:00:26.652 [FXGL Background Thread 1 ] DEBUG FXGLAssetLoaderServi - Loading from file system: file:/D:/Q1/FutureFighter/target/classes/assets/textures/ui/rectMenu/menuBg.png
17:00:26.722 [FXGL Background Thread 1 ] WARN  FXGL.DefaultMenu     - FXGLDefaultMenu is not designed for resolutions < 800x600
17:00:26.722 [FXGL Background Thread 1 ] DEBUG FXGL.DefaultMenu     - createMenuBodyGameMenu()
17:00:26.731 [FXGL Background Thread 1 ] DEBUG FXGL.DefaultMenu     - createOptionsMenu()
17:00:26.737 [FXGL Background Thread 1 ] DEBUG FXGLAssetLoaderServi - Loading from file system: jar:file:///C:/Users/canoe/.m2/repository/com/github/almasb/fxgl/17/fxgl-17.jar!/fxglassets/textures/particles/smoke.png
17:00:26.824 [FXGL Background Thread 1 ] DEBUG FXGLAssetLoaderServi - Loading from file system: jar:file:///C:/Users/canoe/.m2/repository/com/github/almasb/fxgl/17/fxgl-17.jar!/fxglassets/textures/particles/trace_horizontal.png
17:00:26.839 [FXGL Background Thread 1 ] DEBUG GameApplicationServi - Application scenes initialized
17:00:26.859 [FXGL Background Thread 1 ] DEBUG SystemBundleService  - Loading FXGL system data
17:00:26.868 [FXGL Background Thread 1 ] DEBUG FileSystemAccess     - Reading from: D:\Q1\FutureFighter\system\fxgl.bundle
17:00:26.875 [FXGL Background Thread 1 ] DEBUG SystemBundleService  - Bundle FXGL: {}
17:00:26.875 [FXGL Background Thread 1 ] DEBUG UpdaterService       - Checking for updates
17:00:26.880 [FXGL Background Thread 1 ] DEBUG FXGLApplication      - Loading default localization
17:00:26.880 [FXGL Background Thread 4 ] DEBUG FXGLApplication      - Loading fonts
17:00:26.881 [FXGL Background Thread 4 ] DEBUG FXGLAssetLoaderServi - Loading from file system: jar:file:///C:/Users/canoe/.m2/repository/com/github/almasb/fxgl/17/fxgl-17.jar!/fxglassets/ui/fonts/VarelaRound-Regular.ttf
17:00:26.881 [FXGL Background Thread 1 ] DEBUG FXGLAssetLoaderServi - Loading from file system: jar:file:///C:/Users/canoe/.m2/repository/com/github/almasb/fxgl/17/fxgl-17.jar!/fxglassets/languages/english.lang
17:00:26.929 [FXGL Background Thread 1 ] INFO  FXGLApplication      - FXGL initialization took: 0.433 sec
17:00:26.953 [FXGL Background Thread 4 ] DEBUG FXGLAssetLoaderServi - Loading from file system: jar:file:///C:/Users/canoe/.m2/repository/com/github/almasb/fxgl/17/fxgl-17.jar!/fxglassets/ui/fonts/Abel-Regular.ttf
17:00:26.956 [JavaFX Application Thread] DEBUG Input                - Registered new binding: action0 - W
17:00:26.957 [JavaFX Application Thread] DEBUG Input                - Registered new binding: action1 - S
17:00:26.957 [FXGL Background Thread 4 ] DEBUG FXGLAssetLoaderServi - Loading from file system: jar:file:///C:/Users/canoe/.m2/repository/com/github/almasb/fxgl/17/fxgl-17.jar!/fxglassets/ui/fonts/TerminalLandMono-Regular.otf
17:00:26.958 [JavaFX Application Thread] DEBUG Input                - Registered new binding: action2 - A
17:00:26.960 [JavaFX Application Thread] DEBUG Input                - Registered new binding: action3 - D
17:00:26.960 [JavaFX Application Thread] DEBUG Input                - Registered new binding: protect - Space
17:00:26.961 [FXGL Background Thread 4 ] DEBUG FXGLAssetLoaderServi - Loading from file system: jar:file:///C:/Users/canoe/.m2/repository/com/github/almasb/fxgl/17/fxgl-17.jar!/fxglassets/ui/fonts/Courier-Prime.ttf
17:00:26.961 [JavaFX Application Thread] DEBUG Input                - Registered new binding: lazer - F
17:00:26.961 [JavaFX Application Thread] DEBUG FXGLAssetLoaderServi - Loading from file system: file:/D:/Q1/FutureFighter/target/classes/assets/sounds/launch_sound.wav
17:00:27.056 [JavaFX Application Thread] DEBUG FXGLAssetLoaderServi - Loading from file system: file:/D:/Q1/FutureFighter/target/classes/assets/sounds/exp1.mp3
17:00:27.057 [JavaFX Application Thread] DEBUG FXGLAssetLoaderServi - Loading from file system: file:/D:/Q1/FutureFighter/target/classes/assets/sounds/select.wav
17:00:27.059 [JavaFX Application Thread] DEBUG FXGLAssetLoaderServi - Loading from file system: file:/D:/Q1/FutureFighter/target/classes/assets/textures/enemy/enemy1.png
17:00:27.061 [JavaFX Application Thread] DEBUG FXGLAssetLoaderServi - Loading from file system: file:/D:/Q1/FutureFighter/target/classes/assets/textures/enemy/enemy2.png
17:00:27.063 [JavaFX Application Thread] DEBUG FXGLAssetLoaderServi - Loading from file system: file:/D:/Q1/FutureFighter/target/classes/assets/textures/icon.png
17:00:27.077 [JavaFX Application Thread] DEBUG FXGLAssetLoaderServi - Loading from file system: file:/D:/Q1/FutureFighter/target/classes/assets/textures/cursor.png
17:00:27.081 [JavaFX Application Thread] DEBUG Input                - Registered new binding: Screenshot - CTRL+8
17:00:27.082 [JavaFX Application Thread] DEBUG Input                - Registered new binding: System info dump - CTRL+9
17:00:27.084 [JavaFX Application Thread] DEBUG Input                - Registered new binding: Restart - CTRL+R
17:00:27.087 [JavaFX Application Thread] DEBUG Input                - Registered new binding: Toggle Debug Camera - CTRL+7
17:00:27.093 [JavaFX Application Thread] DEBUG LoopRunner           - Starting loop
17:00:27.093 [JavaFX Application Thread] DEBUG LoopRunner           - Initializing JavaFX AnimationTimerLoop
17:00:27.100 [JavaFX Application Thread] DEBUG Input                - Clearing active input actions
17:00:27.105 [JavaFX Application Thread] DEBUG GameApplicationServi - Removing overlay from FXGLStartupScene and adding to FXGLMainMenuDummyScene
17:00:27.105 [JavaFX Application Thread] DEBUG PrimaryStageWindow   - FXGLStartupScene -> FXGLMainMenuDummyScene
17:00:27.105 [JavaFX Application Thread] DEBUG PrimaryStageWindow   - Push state: MainMenu
17:00:27.111 [JavaFX Application Thread] DEBUG Input                - Clearing active input actions
17:00:27.122 [JavaFX Application Thread] DEBUG GameApplicationServi - Removing overlay from FXGLMainMenuDummyScene and adding to MainMenu
17:00:27.123 [JavaFX Application Thread] DEBUG PrimaryStageWindow   - FXGLMainMenuDummyScene -> MainMenu
17:00:27.123 [JavaFX Application Thread] DEBUG FXGLApplication      - Registering font factories with UI factory
17:00:27.499 [JavaFX Application Thread] DEBUG FXGLAssetLoaderServi - Loading from file system: file:/D:/Q1/FutureFighter/target/classes/assets/sounds/mainMenuHover.wav
17:00:27.509 [FXGL Background Thread 2 ] INFO  UpdaterService       - Your current version:  17
17:00:27.510 [FXGL Background Thread 2 ] INFO  UpdaterService       - Latest stable version: 17.3
17:00:27.963 [JavaFX Application Thread] DEBUG GameApplicationServi - Starting new game
17:00:27.963 [JavaFX Application Thread] DEBUG PrimaryStageWindow   - Pop state: MainMenu
17:00:27.963 [JavaFX Application Thread] DEBUG Input                - Clearing active input actions
17:00:27.965 [JavaFX Application Thread] DEBUG GameApplicationServi - Removing overlay from MainMenu and adding to FXGLMainMenuDummyScene
17:00:27.965 [JavaFX Application Thread] DEBUG PrimaryStageWindow   - FXGLMainMenuDummyScene <- MainMenu
17:00:27.967 [JavaFX Application Thread] DEBUG Input                - Clearing active input actions
17:00:27.970 [JavaFX Application Thread] DEBUG GameApplicationServi - Removing overlay from FXGLMainMenuDummyScene and adding to GameLoadingScene
17:00:27.970 [JavaFX Application Thread] DEBUG PrimaryStageWindow   - FXGLMainMenuDummyScene -> GameLoadingScene
17:00:27.970 [JavaFX Application Thread] DEBUG GameApplicationServi - Clearing previous game
17:00:27.970 [JavaFX Application Thread] DEBUG GameScene            - Clearing game scene
17:00:27.970 [JavaFX Application Thread] DEBUG GameWorld            - Clearing game world
17:00:27.970 [JavaFX Application Thread] DEBUG PhysicsWorld         - Clearing physics world
17:00:27.974 [FXGL Background Thread 2 ] DEBUG FXGLApplication      - Initializing game
17:00:27.976 [FXGL Background Thread 2 ] DEBUG FXGLAssetLoaderServi - Loading from file system: file:/D:/Q1/FutureFighter/target/classes/assets/music/bgm1.mp3
17:00:27.991 [FXGL Background Thread 2 ] DEBUG AudioPlayer          - Playing music com.almasb.fxgl.audio.Music@268511a2
17:00:27.999 [FXGL Background Thread 2 ] DEBUG FXGLAssetLoaderServi - Loading from file system: file:/D:/Q1/FutureFighter/target/classes/assets/textures/background/back1.png
17:00:28.027 [FXGL Background Thread 2 ] DEBUG FXGLAssetLoaderServi - Loading from file system: file:/D:/Q1/FutureFighter/target/classes/assets/textures/player/player1_main.png
17:00:28.039 [FXGL Background Thread 2 ] DEBUG FXGLAssetLoaderServi - Loading from file system: file:/D:/Q1/FutureFighter/target/classes/assets/textures/ui/HpBar1.png
17:00:28.040 [FXGL Background Thread 2 ] DEBUG FXGLAssetLoaderServi - Loading from file system: file:/D:/Q1/FutureFighter/target/classes/assets/textures/ui/HpBar3.png
17:00:28.042 [FXGL Background Thread 2 ] DEBUG FXGLAssetLoaderServi - Loading from file system: file:/D:/Q1/FutureFighter/target/classes/assets/textures/ui/HpBar2.png
17:00:28.044 [FXGL Background Thread 2 ] DEBUG FXGLAssetLoaderServi - Loading from file system: file:/D:/Q1/FutureFighter/target/classes/assets/textures/ui/score.png
17:00:28.045 [FXGL Background Thread 2 ] DEBUG FXGLAssetLoaderServi - Loading from file system: file:/D:/Q1/FutureFighter/target/classes/assets/textures/num/0.png
17:00:28.046 [FXGL Background Thread 2 ] DEBUG FXGLAssetLoaderServi - Loading from file system: file:/D:/Q1/FutureFighter/target/classes/assets/textures/num/1.png
17:00:28.047 [FXGL Background Thread 2 ] DEBUG FXGLAssetLoaderServi - Loading from file system: file:/D:/Q1/FutureFighter/target/classes/assets/textures/num/2.png
17:00:28.048 [FXGL Background Thread 2 ] DEBUG FXGLAssetLoaderServi - Loading from file system: file:/D:/Q1/FutureFighter/target/classes/assets/textures/num/3.png
17:00:28.049 [FXGL Background Thread 2 ] DEBUG FXGLAssetLoaderServi - Loading from file system: file:/D:/Q1/FutureFighter/target/classes/assets/textures/num/4.png
17:00:28.049 [FXGL Background Thread 2 ] DEBUG FXGLAssetLoaderServi - Loading from file system: file:/D:/Q1/FutureFighter/target/classes/assets/textures/num/5.png
17:00:28.050 [FXGL Background Thread 2 ] DEBUG FXGLAssetLoaderServi - Loading from file system: file:/D:/Q1/FutureFighter/target/classes/assets/textures/num/6.png
17:00:28.050 [FXGL Background Thread 2 ] DEBUG FXGLAssetLoaderServi - Loading from file system: file:/D:/Q1/FutureFighter/target/classes/assets/textures/num/7.png
17:00:28.051 [FXGL Background Thread 2 ] DEBUG FXGLAssetLoaderServi - Loading from file system: file:/D:/Q1/FutureFighter/target/classes/assets/textures/num/8.png
17:00:28.052 [FXGL Background Thread 2 ] DEBUG FXGLAssetLoaderServi - Loading from file system: file:/D:/Q1/FutureFighter/target/classes/assets/textures/num/9.png
17:00:28.052 [FXGL Background Thread 2 ] INFO  FXGLApplication      - Game initialization took: 0.079 sec
17:00:28.053 [JavaFX Application Thread] DEBUG Input                - Clearing active input actions
17:00:28.057 [JavaFX Application Thread] DEBUG GameApplicationServi - Removing overlay from GameLoadingScene and adding to GameScene
17:00:28.057 [JavaFX Application Thread] DEBUG PrimaryStageWindow   - GameLoadingScene -> GameScene
17:00:28.057 [JavaFX Application Thread] DEBUG FXGLAssetLoaderServi - Loading from file system: file:/D:/Q1/FutureFighter/target/classes/assets/text/chat.txt
17:00:28.063 [JavaFX Application Thread] DEBUG Input                - Registered new binding: Next RPG Line - Enter
17:00:28.064 [JavaFX Application Thread] DEBUG FXGLAssetLoaderServi - Loading from file system: file:/D:/Q1/FutureFighter/target/classes/assets/textures/p1.png
17:00:28.081 [JavaFX Application Thread] DEBUG PrimaryStageWindow   - Push state: CutsceneScene
17:00:28.082 [JavaFX Application Thread] DEBUG Input                - Clearing active input actions
17:00:28.082 [JavaFX Application Thread] DEBUG GameApplicationServi - Removing overlay from GameScene and adding to CutsceneScene
17:00:28.082 [JavaFX Application Thread] DEBUG PrimaryStageWindow   - GameScene -> CutsceneScene
17:00:29.879 [FXGL Background Thread 3 ] DEBUG Engine               - Logging environment variables
17:00:29.879 [FXGL Background Thread 3 ] DEBUG Engine               - achievements: []
17:00:29.880 [FXGL Background Thread 3 ] DEBUG Engine               - actualHeight: 1018.0
17:00:29.880 [FXGL Background Thread 3 ] DEBUG Engine               - actualHeightProperty: ReadOnlyDoubleProperty [value: 1018.0]
17:00:29.880 [FXGL Background Thread 3 ] DEBUG Engine               - actualWidth: 484.0
17:00:29.880 [FXGL Background Thread 3 ] DEBUG Engine               - actualWidthProperty: ReadOnlyDoubleProperty [value: 484.0]
17:00:29.880 [FXGL Background Thread 3 ] DEBUG Engine               - appIcon: icon.png
17:00:29.880 [FXGL Background Thread 3 ] DEBUG Engine               - applicationMode: DEVELOPER
17:00:29.880 [FXGL Background Thread 3 ] DEBUG Engine               - cSSList: [fxgl_dark.css]
17:00:29.880 [FXGL Background Thread 3 ] DEBUG Engine               - collisionDetectionStrategy: BRUTE_FORCE
17:00:29.880 [FXGL Background Thread 3 ] DEBUG Engine               - configClass: Optional.empty
17:00:29.880 [FXGL Background Thread 3 ] DEBUG Engine               - credits: []
17:00:29.881 [FXGL Background Thread 3 ] DEBUG Engine               - defaultCursor: CursorInfo(imageName=cursor.png, hotspotX=0.0, hotspotY=0.0)
17:00:29.881 [FXGL Background Thread 3 ] DEBUG Engine               - devBBoxColorProperty: ObjectProperty [value: 0xff0000ff]
17:00:29.881 [FXGL Background Thread 3 ] DEBUG Engine               - devEnableDebugCameraProperty: BooleanProperty [value: false]
17:00:29.882 [FXGL Background Thread 3 ] DEBUG Engine               - devSensorColorProperty: ObjectProperty [value: 0xffff00ff]
17:00:29.882 [FXGL Background Thread 3 ] DEBUG Engine               - devShowBBoxProperty: BooleanProperty [value: false]
17:00:29.882 [FXGL Background Thread 3 ] DEBUG Engine               - devShowPositionProperty: BooleanProperty [value: false]
17:00:29.882 [FXGL Background Thread 3 ] DEBUG Engine               - enabledMenuItems: []
17:00:29.882 [FXGL Background Thread 3 ] DEBUG Engine               - engineServices: [class com.almasb.fxgl.app.services.FXGLAssetLoaderService, class com.almasb.fxgl.app.FXGLApplication$GameApplicationService, class com.almasb.fxgl.app.services.FXGLDialogService, class com.almasb.fxgl.app.services.IOTaskExecutorService, class com.almasb.fxgl.io.FileSystemService, class com.almasb.fxgl.localization.LocalizationService, class com.almasb.fxgl.app.services.SystemBundleService, class com.almasb.fxgl.profile.SaveLoadService, class com.almasb.fxgl.ui.FXGLUIFactoryServiceProvider, class com.almasb.fxgl.ui.FXGLDialogFactoryServiceProvider, class com.almasb.fxgl.audio.AudioPlayer, class com.almasb.fxgl.notification.impl.NotificationServiceProvider, class com.almasb.fxgl.achievement.AchievementService, class com.almasb.fxgl.cutscene.CutsceneService, class com.almasb.fxgl.minigames.MiniGameService, class com.almasb.fxgl.net.NetService, class com.almasb.fxgl.app.services.UpdaterService, class com.almasb.fxgl.dev.DevService]
17:00:29.882 [FXGL Background Thread 3 ] DEBUG Engine               - fontGame: Abel-Regular.ttf
17:00:29.882 [FXGL Background Thread 3 ] DEBUG Engine               - fontMono: TerminalLandMono-Regular.otf
17:00:29.882 [FXGL Background Thread 3 ] DEBUG Engine               - fontText: Courier-Prime.ttf
17:00:29.882 [FXGL Background Thread 3 ] DEBUG Engine               - fontUI: VarelaRound-Regular.ttf
17:00:29.882 [FXGL Background Thread 3 ] DEBUG Engine               - fullScreen: BooleanProperty [value: false]
17:00:29.883 [FXGL Background Thread 3 ] DEBUG Engine               - gameDifficulty: MEDIUM
17:00:29.883 [FXGL Background Thread 3 ] DEBUG Engine               - gameDifficultyProperty: ObjectProperty [value: MEDIUM]
17:00:29.883 [FXGL Background Thread 3 ] DEBUG Engine               - globalMusicVolume: 0.5
17:00:29.883 [FXGL Background Thread 3 ] DEBUG Engine               - globalMusicVolumeProperty: DoubleProperty [value: 0.5]
17:00:29.883 [FXGL Background Thread 3 ] DEBUG Engine               - globalSoundVolume: 0.5
17:00:29.883 [FXGL Background Thread 3 ] DEBUG Engine               - globalSoundVolumeProperty: DoubleProperty [value: 0.5]
17:00:29.883 [FXGL Background Thread 3 ] DEBUG Engine               - height: 1024
17:00:29.883 [FXGL Background Thread 3 ] DEBUG Engine               - is3D: false
17:00:29.883 [FXGL Background Thread 3 ] DEBUG Engine               - isAndroid: false
17:00:29.884 [FXGL Background Thread 3 ] DEBUG Engine               - isBrowser: false
17:00:29.884 [FXGL Background Thread 3 ] DEBUG Engine               - isClickFeedbackEnabled: false
17:00:29.884 [FXGL Background Thread 3 ] DEBUG Engine               - isCloseConfirmation: false
17:00:29.884 [FXGL Background Thread 3 ] DEBUG Engine               - isDesktop: true
17:00:29.884 [FXGL Background Thread 3 ] DEBUG Engine               - isDeveloperMenuEnabled: false
17:00:29.884 [FXGL Background Thread 3 ] DEBUG Engine               - isEmbedded: false
17:00:29.884 [FXGL Background Thread 3 ] DEBUG Engine               - isEntityPreloadEnabled: true
17:00:29.884 [FXGL Background Thread 3 ] DEBUG Engine               - isExperimentalTiledLargeMap: false
17:00:29.884 [FXGL Background Thread 3 ] DEBUG Engine               - isFileSystemWriteAllowed: true
17:00:29.884 [FXGL Background Thread 3 ] DEBUG Engine               - isFullScreenAllowed: false
17:00:29.884 [FXGL Background Thread 3 ] DEBUG Engine               - isFullScreenFromStart: false
17:00:29.884 [FXGL Background Thread 3 ] DEBUG Engine               - isGameMenuEnabled: true
17:00:29.884 [FXGL Background Thread 3 ] DEBUG Engine               - isIOS: false
17:00:29.884 [FXGL Background Thread 3 ] DEBUG Engine               - isIntroEnabled: false
17:00:29.884 [FXGL Background Thread 3 ] DEBUG Engine               - isLinux: false
17:00:29.885 [FXGL Background Thread 3 ] DEBUG Engine               - isMac: false
17:00:29.885 [FXGL Background Thread 3 ] DEBUG Engine               - isMainMenuEnabled: true
17:00:29.885 [FXGL Background Thread 3 ] DEBUG Engine               - isManualResizeEnabled: false
17:00:29.885 [FXGL Background Thread 3 ] DEBUG Engine               - isMobile: false
17:00:29.885 [FXGL Background Thread 3 ] DEBUG Engine               - isNative: false
17:00:29.885 [FXGL Background Thread 3 ] DEBUG Engine               - isPauseMusicWhenMinimized: true
17:00:29.885 [FXGL Background Thread 3 ] DEBUG Engine               - isPreserveResizeRatio: false
17:00:29.885 [FXGL Background Thread 3 ] DEBUG Engine               - isProfilingEnabled: false
17:00:29.885 [FXGL Background Thread 3 ] DEBUG Engine               - isScaleAffectedOnResize: true
17:00:29.885 [FXGL Background Thread 3 ] DEBUG Engine               - isSingleStep: false
17:00:29.885 [FXGL Background Thread 3 ] DEBUG Engine               - isUserProfileEnabled: false
17:00:29.886 [FXGL Background Thread 3 ] DEBUG Engine               - isWindows: true
17:00:29.886 [FXGL Background Thread 3 ] DEBUG Engine               - language: ObjectProperty [value: ENGLISH]
17:00:29.886 [FXGL Background Thread 3 ] DEBUG Engine               - menuKey: ESCAPE
17:00:29.886 [FXGL Background Thread 3 ] DEBUG Engine               - mouseSensitivity: 0.2
17:00:29.886 [FXGL Background Thread 3 ] DEBUG Engine               - notificationViewClass: class com.almasb.fxgl.notification.view.XboxNotificationView
17:00:29.886 [FXGL Background Thread 3 ] DEBUG Engine               - pixelsPerMeter: 50.0
17:00:29.886 [FXGL Background Thread 3 ] DEBUG Engine               - platform: WINDOWS
17:00:29.886 [FXGL Background Thread 3 ] DEBUG Engine               - prefHeightProperty: ReadOnlyDoubleProperty [value: 1024.0]
17:00:29.886 [FXGL Background Thread 3 ] DEBUG Engine               - prefWidthProperty: ReadOnlyDoubleProperty [value: 512.0]
17:00:29.886 [FXGL Background Thread 3 ] DEBUG Engine               - profileDir: profiles/
17:00:29.886 [FXGL Background Thread 3 ] DEBUG Engine               - profileName: StringProperty [value: DEFAULT]
17:00:29.886 [FXGL Background Thread 3 ] DEBUG Engine               - randomSeed: -1
17:00:29.886 [FXGL Background Thread 3 ] DEBUG Engine               - runtimeInfo: RuntimeInfo(platform=WINDOWS, version=17, build=31.12.2021 18.16)
17:00:29.886 [FXGL Background Thread 3 ] DEBUG Engine               - saveFileExt: sav
17:00:29.886 [FXGL Background Thread 3 ] DEBUG Engine               - scaledHeightProp$fxgl: DoubleProperty [bound, value: 1018.0]
17:00:29.886 [FXGL Background Thread 3 ] DEBUG Engine               - scaledWidthProp$fxgl: DoubleProperty [bound, value: 484.0]
17:00:29.886 [FXGL Background Thread 3 ] DEBUG Engine               - sceneFactory: com.canoe.Game$1@1e34fe47
17:00:29.887 [FXGL Background Thread 3 ] DEBUG Engine               - secondsIn24h: 60
17:00:29.887 [FXGL Background Thread 3 ] DEBUG Engine               - soundMenuBack: menu/back.wav
17:00:29.887 [FXGL Background Thread 3 ] DEBUG Engine               - soundMenuPress: menu/press.wav
17:00:29.887 [FXGL Background Thread 3 ] DEBUG Engine               - soundMenuSelect: menu/select.wav
17:00:29.887 [FXGL Background Thread 3 ] DEBUG Engine               - soundNotification: core/notification.wav
17:00:29.887 [FXGL Background Thread 3 ] DEBUG Engine               - stageStyle: DECORATED
17:00:29.887 [FXGL Background Thread 3 ] DEBUG Engine               - supportedLanguages: [ENGLISH, FRENCH, GERMAN, HUNGARIAN, RUSSIAN]
17:00:29.887 [FXGL Background Thread 3 ] DEBUG Engine               - ticksPerSecond: -1
17:00:29.887 [FXGL Background Thread 3 ] DEBUG Engine               - title: FutureFighter
17:00:29.887 [FXGL Background Thread 3 ] DEBUG Engine               - urlGithub: https://github.com/AlmasB/FXGL
17:00:29.887 [FXGL Background Thread 3 ] DEBUG Engine               - urlLeaderboard: http://fxgl-top.herokuapp.com/
17:00:29.887 [FXGL Background Thread 3 ] DEBUG Engine               - urlPOM: https://raw.githubusercontent.com/AlmasB/FXGL/release/README.md
17:00:29.887 [FXGL Background Thread 3 ] DEBUG Engine               - userAppClass: class com.canoe.Game
17:00:29.887 [FXGL Background Thread 3 ] DEBUG Engine               - version: 0.1
17:00:29.887 [FXGL Background Thread 3 ] DEBUG Engine               - versionCheckDays: 7
17:00:29.887 [FXGL Background Thread 3 ] DEBUG Engine               - width: 512
17:00:29.887 [FXGL Background Thread 3 ] DEBUG Engine               - Logging services
17:00:29.887 [FXGL Background Thread 3 ] DEBUG Engine               - class com.almasb.fxgl.app.services.FXGLAssetLoaderService
17:00:29.887 [FXGL Background Thread 3 ] DEBUG Engine               - class com.almasb.fxgl.app.FXGLApplication$GameApplicationService
17:00:29.887 [FXGL Background Thread 3 ] DEBUG Engine               - class com.almasb.fxgl.app.services.FXGLDialogService
17:00:29.888 [FXGL Background Thread 3 ] DEBUG Engine               - class com.almasb.fxgl.app.services.IOTaskExecutorService
17:00:29.888 [FXGL Background Thread 3 ] DEBUG Engine               - class com.almasb.fxgl.io.FileSystemService
17:00:29.888 [FXGL Background Thread 3 ] DEBUG Engine               - class com.almasb.fxgl.localization.LocalizationService
17:00:29.888 [FXGL Background Thread 3 ] DEBUG Engine               - class com.almasb.fxgl.app.services.SystemBundleService
17:00:29.888 [FXGL Background Thread 3 ] DEBUG Engine               - class com.almasb.fxgl.profile.SaveLoadService
17:00:29.888 [FXGL Background Thread 3 ] DEBUG Engine               - class com.almasb.fxgl.ui.FXGLUIFactoryServiceProvider
17:00:29.888 [FXGL Background Thread 3 ] DEBUG Engine               - class com.almasb.fxgl.ui.FXGLDialogFactoryServiceProvider
17:00:29.888 [FXGL Background Thread 3 ] DEBUG Engine               - class com.almasb.fxgl.audio.AudioPlayer
17:00:29.888 [FXGL Background Thread 3 ] DEBUG Engine               - class com.almasb.fxgl.notification.impl.NotificationServiceProvider
17:00:29.888 [FXGL Background Thread 3 ] DEBUG Engine               - class com.almasb.fxgl.achievement.AchievementService
17:00:29.888 [FXGL Background Thread 3 ] DEBUG Engine               - class com.almasb.fxgl.cutscene.CutsceneService
17:00:29.888 [FXGL Background Thread 3 ] DEBUG Engine               - class com.almasb.fxgl.minigames.MiniGameService
17:00:29.888 [FXGL Background Thread 3 ] DEBUG Engine               - class com.almasb.fxgl.net.NetService
17:00:29.888 [FXGL Background Thread 3 ] DEBUG Engine               - class com.almasb.fxgl.app.services.UpdaterService
17:00:29.888 [FXGL Background Thread 3 ] DEBUG Engine               - class com.almasb.fxgl.dev.DevService
17:00:31.378 [JavaFX Application Thread] DEBUG FXGLAssetLoaderServi - Loading from file system: file:/D:/Q1/FutureFighter/target/classes/assets/textures/p2.png
17:00:36.534 [JavaFX Application Thread] DEBUG PrimaryStageWindow   - Pop state: CutsceneScene
17:00:36.534 [JavaFX Application Thread] DEBUG Input                - Clearing active input actions
17:00:36.534 [JavaFX Application Thread] DEBUG GameApplicationServi - Removing overlay from CutsceneScene and adding to GameScene
17:00:36.534 [JavaFX Application Thread] DEBUG PrimaryStageWindow   - GameScene <- CutsceneScene
17:00:36.782 [JavaFX Application Thread] DEBUG FXGLAssetLoaderServi - Loading from file system: file:/D:/Q1/FutureFighter/target/classes/assets/textures/player/bullet1.png
17:00:37.839 [JavaFX Application Thread] DEBUG FXGLApplication      - Exiting FXGL
17:00:37.839 [JavaFX Application Thread] DEBUG LoopRunner           - Stopping loop
17:00:37.839 [JavaFX Application Thread] DEBUG SystemBundleService  - Saving FXGL system data
17:00:37.840 [JavaFX Application Thread] DEBUG FileSystemAccess     - Writing to: D:\Q1\FutureFighter\system\fxgl.bundle
17:00:37.842 [JavaFX Application Thread] DEBUG Async                - Shutting down background threads
17:00:37.842 [JavaFX Application Thread] DEBUG PrimaryStageWindow   - Closing main window
17:00:37.858 [JavaFX Application Thread] DEBUG Logger               - Closing Logger
