18:03:23.285 [main                     ] DEBUG Logger               - Configured Logger
18:03:23.297 [main                     ] DEBUG GameApplication      - Logging settings
Title: FutureFighter
Version: 0.1
Width: 512
Height: 1024
Fullscreen: false
Intro: false
Profiling: false
Single step:false
App Mode: DEVELOPER
Menu Key: ESCAPE
Stage Style: DECORATED
Scene Factory: class com.canoe.Game$1

18:03:23.575 [JavaFX Application Thread] DEBUG FXGLApplication      - Initializing FXGL
18:03:23.580 [JavaFX Application Thread] INFO  Engine               - FXGL-17 (31.12.2021 18.16) on WINDOWS (J:17.0.3.1 FX:19.0.2.1)
18:03:23.580 [JavaFX Application Thread] DEBUG Engine               - JRE Vendor Name: Oracle Corporation
18:03:23.581 [JavaFX Application Thread] DEBUG Engine               - Running on OS: Windows 11 version 10.0
18:03:23.581 [JavaFX Application Thread] DEBUG Engine               - Architecture: amd64
18:03:23.581 [JavaFX Application Thread] INFO  Engine               - Source code and latest versions at: https://github.com/AlmasB/FXGL
18:03:23.581 [JavaFX Application Thread] INFO  Engine               -       Ask questions and discuss at: https://github.com/AlmasB/FXGL/discussions
18:03:23.581 [JavaFX Application Thread] INFO  Engine               -              Join the FXGL chat at: https://gitter.im/AlmasB/FXGL
18:03:23.656 [JavaFX Application Thread] DEBUG PrimaryStageWindow   - Creating a JavaFX scene
18:03:23.656 [JavaFX Application Thread] DEBUG PrimaryStageWindow   - Target size > screen size
18:03:23.692 [JavaFX Application Thread] DEBUG PrimaryStageWindow   - Target settings size: 512.0 x 1024.0
18:03:23.692 [JavaFX Application Thread] DEBUG PrimaryStageWindow   - Scaled scene size:    484.0 x 1018.0
18:03:23.693 [JavaFX Application Thread] DEBUG PrimaryStageWindow   - Scaled ratio: (0.9453125, 0.994140625)
18:03:23.695 [JavaFX Application Thread] DEBUG PrimaryStageWindow   - Set initial scene to FXGLStartupScene
18:03:23.698 [JavaFX Application Thread] DEBUG PrimaryStageWindow   - Opening main window
18:03:23.763 [JavaFX Application Thread] DEBUG PrimaryStageWindow   - Window border size: (14.666656494140625, 37.3333740234375)
18:03:23.764 [JavaFX Application Thread] DEBUG PrimaryStageWindow   - Scaled size: 484.0 x 1018.0
18:03:23.764 [JavaFX Application Thread] DEBUG PrimaryStageWindow   - Scaled ratio: (0.9453125, 0.994140625)
18:03:23.764 [JavaFX Application Thread] DEBUG PrimaryStageWindow   - Scene size: 484.0 x 1018.0
18:03:23.764 [JavaFX Application Thread] DEBUG PrimaryStageWindow   - Stage size: 498.6666564941406 x 1055.3333740234375
18:03:23.772 [FXGL Background Thread 1 ] DEBUG Engine               - Initializing environment variables
18:03:23.805 [FXGL Background Thread 1 ] DEBUG FXGLAssetLoaderServi - User app class for loading assets: class com.canoe.Game
18:03:23.805 [FXGL Background Thread 1 ] DEBUG GameApplicationServi - Applying CSS: fxgl_dark.css
18:03:23.806 [FXGL Background Thread 1 ] DEBUG FXGLAssetLoaderServi - Loading from file system: jar:file:///C:/Users/canoe/.m2/repository/com/github/almasb/fxgl/17/fxgl-17.jar!/fxglassets/ui/css/fxgl_dark.css
18:03:23.853 [FXGL Background Thread 1 ] DEBUG GameApplicationServi - Initializing application scenes
18:03:23.857 [FXGL Background Thread 1 ] DEBUG FXGLAssetLoaderServi - Loading from file system: file:/D:/Q1/FutureFighter/target/classes/assets/textures/ui/scene/loading.png
18:03:23.887 [FXGL Background Thread 1 ] DEBUG FXGLAssetLoaderServi - Loading from file system: file:/D:/Q1/FutureFighter/target/classes/assets/textures/ui/scene/loadingOut.png
18:03:23.915 [FXGL Background Thread 1 ] DEBUG GameWorld            - Game world initialized
18:03:23.968 [FXGL Background Thread 1 ] DEBUG PhysicsWorld         - Physics world initialized: appHeight=1024, physics.ppm=50.0
18:03:23.969 [FXGL Background Thread 1 ] DEBUG PhysicsWorld         - Using strategy: BRUTE_FORCE
18:03:23.972 [FXGL Background Thread 1 ] DEBUG GameScene            - Game scene initialized: 512x1024
18:03:23.973 [FXGL Background Thread 1 ] DEBUG FXGLAssetLoaderServi - Loading from file system: file:/D:/Q1/FutureFighter/target/classes/assets/textures/ui/rectMenu/menuBg.png
18:03:24.049 [FXGL Background Thread 1 ] WARN  FXGL.DefaultMenu     - FXGLDefaultMenu is not designed for resolutions < 800x600
18:03:24.049 [FXGL Background Thread 1 ] DEBUG FXGL.DefaultMenu     - createMenuBodyGameMenu()
18:03:24.061 [FXGL Background Thread 1 ] DEBUG FXGL.DefaultMenu     - createOptionsMenu()
18:03:24.069 [FXGL Background Thread 1 ] DEBUG FXGLAssetLoaderServi - Loading from file system: jar:file:///C:/Users/canoe/.m2/repository/com/github/almasb/fxgl/17/fxgl-17.jar!/fxglassets/textures/particles/smoke.png
18:03:24.209 [FXGL Background Thread 1 ] DEBUG FXGLAssetLoaderServi - Loading from file system: jar:file:///C:/Users/canoe/.m2/repository/com/github/almasb/fxgl/17/fxgl-17.jar!/fxglassets/textures/particles/trace_horizontal.png
18:03:24.230 [FXGL Background Thread 1 ] DEBUG GameApplicationServi - Application scenes initialized
18:03:24.253 [FXGL Background Thread 1 ] DEBUG SystemBundleService  - Loading FXGL system data
18:03:24.264 [FXGL Background Thread 1 ] DEBUG FileSystemAccess     - Reading from: D:\Q1\FutureFighter\system\fxgl.bundle
18:03:24.272 [FXGL Background Thread 1 ] DEBUG SystemBundleService  - Bundle FXGL: {}
18:03:24.272 [FXGL Background Thread 1 ] DEBUG UpdaterService       - Checking for updates
18:03:24.278 [FXGL Background Thread 4 ] DEBUG FXGLApplication      - Loading fonts
18:03:24.278 [FXGL Background Thread 4 ] DEBUG FXGLAssetLoaderServi - Loading from file system: jar:file:///C:/Users/canoe/.m2/repository/com/github/almasb/fxgl/17/fxgl-17.jar!/fxglassets/ui/fonts/VarelaRound-Regular.ttf
18:03:24.280 [FXGL Background Thread 1 ] DEBUG FXGLApplication      - Loading default localization
18:03:24.281 [FXGL Background Thread 1 ] DEBUG FXGLAssetLoaderServi - Loading from file system: jar:file:///C:/Users/canoe/.m2/repository/com/github/almasb/fxgl/17/fxgl-17.jar!/fxglassets/languages/english.lang
18:03:24.333 [FXGL Background Thread 4 ] DEBUG FXGLAssetLoaderServi - Loading from file system: jar:file:///C:/Users/canoe/.m2/repository/com/github/almasb/fxgl/17/fxgl-17.jar!/fxglassets/ui/fonts/Abel-Regular.ttf
18:03:24.335 [FXGL Background Thread 4 ] DEBUG FXGLAssetLoaderServi - Loading from file system: jar:file:///C:/Users/canoe/.m2/repository/com/github/almasb/fxgl/17/fxgl-17.jar!/fxglassets/ui/fonts/TerminalLandMono-Regular.otf
18:03:24.339 [FXGL Background Thread 4 ] DEBUG FXGLAssetLoaderServi - Loading from file system: jar:file:///C:/Users/canoe/.m2/repository/com/github/almasb/fxgl/17/fxgl-17.jar!/fxglassets/ui/fonts/Courier-Prime.ttf
18:03:24.350 [JavaFX Application Thread] DEBUG FXGLApplication      - Registering font factories with UI factory
18:03:24.379 [FXGL Background Thread 1 ] INFO  FXGLApplication      - FXGL initialization took: 0.608 sec
18:03:24.410 [JavaFX Application Thread] DEBUG Input                - Registered new binding: action0 - W
18:03:24.412 [JavaFX Application Thread] DEBUG Input                - Registered new binding: action1 - S
18:03:24.413 [JavaFX Application Thread] DEBUG Input                - Registered new binding: action2 - A
18:03:24.414 [JavaFX Application Thread] DEBUG Input                - Registered new binding: action3 - D
18:03:24.415 [JavaFX Application Thread] DEBUG Input                - Registered new binding: protect - Space
18:03:24.415 [JavaFX Application Thread] DEBUG Input                - Registered new binding: lazer - F
18:03:24.415 [JavaFX Application Thread] DEBUG FXGLAssetLoaderServi - Loading from file system: file:/D:/Q1/FutureFighter/target/classes/assets/sounds/launch_sound.wav
18:03:24.510 [JavaFX Application Thread] DEBUG FXGLAssetLoaderServi - Loading from file system: file:/D:/Q1/FutureFighter/target/classes/assets/sounds/exp1.mp3
18:03:24.510 [JavaFX Application Thread] DEBUG FXGLAssetLoaderServi - Loading from file system: file:/D:/Q1/FutureFighter/target/classes/assets/sounds/select.wav
18:03:24.511 [JavaFX Application Thread] DEBUG FXGLAssetLoaderServi - Loading from file system: file:/D:/Q1/FutureFighter/target/classes/assets/textures/enemy/enemy1.png
18:03:24.512 [JavaFX Application Thread] DEBUG FXGLAssetLoaderServi - Loading from file system: file:/D:/Q1/FutureFighter/target/classes/assets/textures/enemy/enemy2.png
18:03:24.514 [JavaFX Application Thread] DEBUG FXGLAssetLoaderServi - Loading from file system: file:/D:/Q1/FutureFighter/target/classes/assets/textures/icon.png
18:03:24.530 [JavaFX Application Thread] DEBUG FXGLAssetLoaderServi - Loading from file system: file:/D:/Q1/FutureFighter/target/classes/assets/textures/cursor.png
18:03:24.533 [JavaFX Application Thread] DEBUG Input                - Registered new binding: Screenshot - CTRL+8
18:03:24.534 [JavaFX Application Thread] DEBUG Input                - Registered new binding: System info dump - CTRL+9
18:03:24.535 [JavaFX Application Thread] DEBUG Input                - Registered new binding: Restart - CTRL+R
18:03:24.536 [JavaFX Application Thread] DEBUG Input                - Registered new binding: Toggle Debug Camera - CTRL+7
18:03:24.539 [JavaFX Application Thread] DEBUG LoopRunner           - Starting loop
18:03:24.539 [JavaFX Application Thread] DEBUG LoopRunner           - Initializing JavaFX AnimationTimerLoop
18:03:24.544 [JavaFX Application Thread] DEBUG Input                - Clearing active input actions
18:03:24.549 [JavaFX Application Thread] DEBUG GameApplicationServi - Removing overlay from FXGLStartupScene and adding to FXGLMainMenuDummyScene
18:03:24.549 [JavaFX Application Thread] DEBUG PrimaryStageWindow   - FXGLStartupScene -> FXGLMainMenuDummyScene
18:03:24.550 [JavaFX Application Thread] DEBUG PrimaryStageWindow   - Push state: MainMenu
18:03:24.556 [JavaFX Application Thread] DEBUG Input                - Clearing active input actions
18:03:24.572 [JavaFX Application Thread] DEBUG GameApplicationServi - Removing overlay from FXGLMainMenuDummyScene and adding to MainMenu
18:03:24.573 [JavaFX Application Thread] DEBUG PrimaryStageWindow   - FXGLMainMenuDummyScene -> MainMenu
18:03:25.135 [JavaFX Application Thread] DEBUG FXGLAssetLoaderServi - Loading from file system: file:/D:/Q1/FutureFighter/target/classes/assets/sounds/mainMenuHover.wav
18:03:25.256 [FXGL Background Thread 2 ] INFO  UpdaterService       - Your current version:  17
18:03:25.257 [FXGL Background Thread 2 ] INFO  UpdaterService       - Latest stable version: 17.3
18:03:27.276 [FXGL Background Thread 3 ] DEBUG Engine               - Logging environment variables
18:03:27.276 [FXGL Background Thread 3 ] DEBUG Engine               - achievements: []
18:03:27.276 [FXGL Background Thread 3 ] DEBUG Engine               - actualHeight: 1018.0
18:03:27.276 [FXGL Background Thread 3 ] DEBUG Engine               - actualHeightProperty: ReadOnlyDoubleProperty [value: 1018.0]
18:03:27.276 [FXGL Background Thread 3 ] DEBUG Engine               - actualWidth: 484.0
18:03:27.276 [FXGL Background Thread 3 ] DEBUG Engine               - actualWidthProperty: ReadOnlyDoubleProperty [value: 484.0]
18:03:27.276 [FXGL Background Thread 3 ] DEBUG Engine               - appIcon: icon.png
18:03:27.276 [FXGL Background Thread 3 ] DEBUG Engine               - applicationMode: DEVELOPER
18:03:27.276 [FXGL Background Thread 3 ] DEBUG Engine               - cSSList: [fxgl_dark.css]
18:03:27.276 [FXGL Background Thread 3 ] DEBUG Engine               - collisionDetectionStrategy: BRUTE_FORCE
18:03:27.277 [FXGL Background Thread 3 ] DEBUG Engine               - configClass: Optional.empty
18:03:27.277 [FXGL Background Thread 3 ] DEBUG Engine               - credits: []
18:03:27.277 [FXGL Background Thread 3 ] DEBUG Engine               - defaultCursor: CursorInfo(imageName=cursor.png, hotspotX=0.0, hotspotY=0.0)
18:03:27.277 [FXGL Background Thread 3 ] DEBUG Engine               - devBBoxColorProperty: ObjectProperty [value: 0xff0000ff]
18:03:27.277 [FXGL Background Thread 3 ] DEBUG Engine               - devEnableDebugCameraProperty: BooleanProperty [value: false]
18:03:27.278 [FXGL Background Thread 3 ] DEBUG Engine               - devSensorColorProperty: ObjectProperty [value: 0xffff00ff]
18:03:27.278 [FXGL Background Thread 3 ] DEBUG Engine               - devShowBBoxProperty: BooleanProperty [value: false]
18:03:27.278 [FXGL Background Thread 3 ] DEBUG Engine               - devShowPositionProperty: BooleanProperty [value: false]
18:03:27.278 [FXGL Background Thread 3 ] DEBUG Engine               - enabledMenuItems: []
18:03:27.278 [FXGL Background Thread 3 ] DEBUG Engine               - engineServices: [class com.almasb.fxgl.app.services.FXGLAssetLoaderService, class com.almasb.fxgl.app.FXGLApplication$GameApplicationService, class com.almasb.fxgl.app.services.FXGLDialogService, class com.almasb.fxgl.app.services.IOTaskExecutorService, class com.almasb.fxgl.io.FileSystemService, class com.almasb.fxgl.localization.LocalizationService, class com.almasb.fxgl.app.services.SystemBundleService, class com.almasb.fxgl.profile.SaveLoadService, class com.almasb.fxgl.ui.FXGLUIFactoryServiceProvider, class com.almasb.fxgl.ui.FXGLDialogFactoryServiceProvider, class com.almasb.fxgl.audio.AudioPlayer, class com.almasb.fxgl.notification.impl.NotificationServiceProvider, class com.almasb.fxgl.achievement.AchievementService, class com.almasb.fxgl.cutscene.CutsceneService, class com.almasb.fxgl.minigames.MiniGameService, class com.almasb.fxgl.net.NetService, class com.almasb.fxgl.app.services.UpdaterService, class com.almasb.fxgl.dev.DevService]
18:03:27.278 [FXGL Background Thread 3 ] DEBUG Engine               - fontGame: Abel-Regular.ttf
18:03:27.278 [FXGL Background Thread 3 ] DEBUG Engine               - fontMono: TerminalLandMono-Regular.otf
18:03:27.278 [FXGL Background Thread 3 ] DEBUG Engine               - fontText: Courier-Prime.ttf
18:03:27.278 [FXGL Background Thread 3 ] DEBUG Engine               - fontUI: VarelaRound-Regular.ttf
18:03:27.278 [FXGL Background Thread 3 ] DEBUG Engine               - fullScreen: BooleanProperty [value: false]
18:03:27.279 [FXGL Background Thread 3 ] DEBUG Engine               - gameDifficulty: MEDIUM
18:03:27.279 [FXGL Background Thread 3 ] DEBUG Engine               - gameDifficultyProperty: ObjectProperty [value: MEDIUM]
18:03:27.279 [FXGL Background Thread 3 ] DEBUG Engine               - globalMusicVolume: 0.5
18:03:27.279 [FXGL Background Thread 3 ] DEBUG Engine               - globalMusicVolumeProperty: DoubleProperty [value: 0.5]
18:03:27.279 [FXGL Background Thread 3 ] DEBUG Engine               - globalSoundVolume: 0.5
18:03:27.279 [FXGL Background Thread 3 ] DEBUG Engine               - globalSoundVolumeProperty: DoubleProperty [value: 0.5]
18:03:27.279 [FXGL Background Thread 3 ] DEBUG Engine               - height: 1024
18:03:27.279 [FXGL Background Thread 3 ] DEBUG Engine               - is3D: false
18:03:27.279 [FXGL Background Thread 3 ] DEBUG Engine               - isAndroid: false
18:03:27.279 [FXGL Background Thread 3 ] DEBUG Engine               - isBrowser: false
18:03:27.279 [FXGL Background Thread 3 ] DEBUG Engine               - isClickFeedbackEnabled: false
18:03:27.279 [FXGL Background Thread 3 ] DEBUG Engine               - isCloseConfirmation: false
18:03:27.279 [FXGL Background Thread 3 ] DEBUG Engine               - isDesktop: true
18:03:27.279 [FXGL Background Thread 3 ] DEBUG Engine               - isDeveloperMenuEnabled: false
18:03:27.279 [FXGL Background Thread 3 ] DEBUG Engine               - isEmbedded: false
18:03:27.279 [FXGL Background Thread 3 ] DEBUG Engine               - isEntityPreloadEnabled: true
18:03:27.279 [FXGL Background Thread 3 ] DEBUG Engine               - isExperimentalTiledLargeMap: false
18:03:27.279 [FXGL Background Thread 3 ] DEBUG Engine               - isFileSystemWriteAllowed: true
18:03:27.279 [FXGL Background Thread 3 ] DEBUG Engine               - isFullScreenAllowed: false
18:03:27.279 [FXGL Background Thread 3 ] DEBUG Engine               - isFullScreenFromStart: false
18:03:27.279 [FXGL Background Thread 3 ] DEBUG Engine               - isGameMenuEnabled: true
18:03:27.279 [FXGL Background Thread 3 ] DEBUG Engine               - isIOS: false
18:03:27.280 [FXGL Background Thread 3 ] DEBUG Engine               - isIntroEnabled: false
18:03:27.280 [FXGL Background Thread 3 ] DEBUG Engine               - isLinux: false
18:03:27.280 [FXGL Background Thread 3 ] DEBUG Engine               - isMac: false
18:03:27.280 [FXGL Background Thread 3 ] DEBUG Engine               - isMainMenuEnabled: true
18:03:27.280 [FXGL Background Thread 3 ] DEBUG Engine               - isManualResizeEnabled: false
18:03:27.280 [FXGL Background Thread 3 ] DEBUG Engine               - isMobile: false
18:03:27.280 [FXGL Background Thread 3 ] DEBUG Engine               - isNative: false
18:03:27.280 [FXGL Background Thread 3 ] DEBUG Engine               - isPauseMusicWhenMinimized: true
18:03:27.280 [FXGL Background Thread 3 ] DEBUG Engine               - isPreserveResizeRatio: false
18:03:27.280 [FXGL Background Thread 3 ] DEBUG Engine               - isProfilingEnabled: false
18:03:27.280 [FXGL Background Thread 3 ] DEBUG Engine               - isScaleAffectedOnResize: true
18:03:27.280 [FXGL Background Thread 3 ] DEBUG Engine               - isSingleStep: false
18:03:27.281 [FXGL Background Thread 3 ] DEBUG Engine               - isUserProfileEnabled: false
18:03:27.281 [FXGL Background Thread 3 ] DEBUG Engine               - isWindows: true
18:03:27.281 [FXGL Background Thread 3 ] DEBUG Engine               - language: ObjectProperty [value: ENGLISH]
18:03:27.281 [FXGL Background Thread 3 ] DEBUG Engine               - menuKey: ESCAPE
18:03:27.281 [FXGL Background Thread 3 ] DEBUG Engine               - mouseSensitivity: 0.2
18:03:27.281 [FXGL Background Thread 3 ] DEBUG Engine               - notificationViewClass: class com.almasb.fxgl.notification.view.XboxNotificationView
18:03:27.281 [FXGL Background Thread 3 ] DEBUG Engine               - pixelsPerMeter: 50.0
18:03:27.281 [FXGL Background Thread 3 ] DEBUG Engine               - platform: WINDOWS
18:03:27.281 [FXGL Background Thread 3 ] DEBUG Engine               - prefHeightProperty: ReadOnlyDoubleProperty [value: 1024.0]
18:03:27.281 [FXGL Background Thread 3 ] DEBUG Engine               - prefWidthProperty: ReadOnlyDoubleProperty [value: 512.0]
18:03:27.282 [FXGL Background Thread 3 ] DEBUG Engine               - profileDir: profiles/
18:03:27.282 [FXGL Background Thread 3 ] DEBUG Engine               - profileName: StringProperty [value: DEFAULT]
18:03:27.282 [FXGL Background Thread 3 ] DEBUG Engine               - randomSeed: -1
18:03:27.282 [FXGL Background Thread 3 ] DEBUG Engine               - runtimeInfo: RuntimeInfo(platform=WINDOWS, version=17, build=31.12.2021 18.16)
18:03:27.283 [FXGL Background Thread 3 ] DEBUG Engine               - saveFileExt: sav
18:03:27.283 [FXGL Background Thread 3 ] DEBUG Engine               - scaledHeightProp$fxgl: DoubleProperty [bound, value: 1018.0]
18:03:27.283 [FXGL Background Thread 3 ] DEBUG Engine               - scaledWidthProp$fxgl: DoubleProperty [bound, value: 484.0]
18:03:27.283 [FXGL Background Thread 3 ] DEBUG Engine               - sceneFactory: com.canoe.Game$1@7f86f0b9
18:03:27.283 [FXGL Background Thread 3 ] DEBUG Engine               - secondsIn24h: 60
18:03:27.283 [FXGL Background Thread 3 ] DEBUG Engine               - soundMenuBack: menu/back.wav
18:03:27.283 [FXGL Background Thread 3 ] DEBUG Engine               - soundMenuPress: menu/press.wav
18:03:27.283 [FXGL Background Thread 3 ] DEBUG Engine               - soundMenuSelect: menu/select.wav
18:03:27.283 [FXGL Background Thread 3 ] DEBUG Engine               - soundNotification: core/notification.wav
18:03:27.283 [FXGL Background Thread 3 ] DEBUG Engine               - stageStyle: DECORATED
18:03:27.283 [FXGL Background Thread 3 ] DEBUG Engine               - supportedLanguages: [ENGLISH, FRENCH, GERMAN, HUNGARIAN, RUSSIAN]
18:03:27.283 [FXGL Background Thread 3 ] DEBUG Engine               - ticksPerSecond: -1
18:03:27.283 [FXGL Background Thread 3 ] DEBUG Engine               - title: FutureFighter
18:03:27.283 [FXGL Background Thread 3 ] DEBUG Engine               - urlGithub: https://github.com/AlmasB/FXGL
18:03:27.283 [FXGL Background Thread 3 ] DEBUG Engine               - urlLeaderboard: http://fxgl-top.herokuapp.com/
18:03:27.283 [FXGL Background Thread 3 ] DEBUG Engine               - urlPOM: https://raw.githubusercontent.com/AlmasB/FXGL/release/README.md
18:03:27.284 [FXGL Background Thread 3 ] DEBUG Engine               - userAppClass: class com.canoe.Game
18:03:27.284 [FXGL Background Thread 3 ] DEBUG Engine               - version: 0.1
18:03:27.284 [FXGL Background Thread 3 ] DEBUG Engine               - versionCheckDays: 7
18:03:27.284 [FXGL Background Thread 3 ] DEBUG Engine               - width: 512
18:03:27.284 [FXGL Background Thread 3 ] DEBUG Engine               - Logging services
18:03:27.284 [FXGL Background Thread 3 ] DEBUG Engine               - class com.almasb.fxgl.app.services.FXGLAssetLoaderService
18:03:27.284 [FXGL Background Thread 3 ] DEBUG Engine               - class com.almasb.fxgl.app.FXGLApplication$GameApplicationService
18:03:27.284 [FXGL Background Thread 3 ] DEBUG Engine               - class com.almasb.fxgl.app.services.FXGLDialogService
18:03:27.284 [FXGL Background Thread 3 ] DEBUG Engine               - class com.almasb.fxgl.app.services.IOTaskExecutorService
18:03:27.284 [FXGL Background Thread 3 ] DEBUG Engine               - class com.almasb.fxgl.io.FileSystemService
18:03:27.284 [FXGL Background Thread 3 ] DEBUG Engine               - class com.almasb.fxgl.localization.LocalizationService
18:03:27.284 [FXGL Background Thread 3 ] DEBUG Engine               - class com.almasb.fxgl.app.services.SystemBundleService
18:03:27.284 [FXGL Background Thread 3 ] DEBUG Engine               - class com.almasb.fxgl.profile.SaveLoadService
18:03:27.284 [FXGL Background Thread 3 ] DEBUG Engine               - class com.almasb.fxgl.ui.FXGLUIFactoryServiceProvider
18:03:27.284 [FXGL Background Thread 3 ] DEBUG Engine               - class com.almasb.fxgl.ui.FXGLDialogFactoryServiceProvider
18:03:27.284 [FXGL Background Thread 3 ] DEBUG Engine               - class com.almasb.fxgl.audio.AudioPlayer
18:03:27.284 [FXGL Background Thread 3 ] DEBUG Engine               - class com.almasb.fxgl.notification.impl.NotificationServiceProvider
18:03:27.284 [FXGL Background Thread 3 ] DEBUG Engine               - class com.almasb.fxgl.achievement.AchievementService
18:03:27.284 [FXGL Background Thread 3 ] DEBUG Engine               - class com.almasb.fxgl.cutscene.CutsceneService
18:03:27.285 [FXGL Background Thread 3 ] DEBUG Engine               - class com.almasb.fxgl.minigames.MiniGameService
18:03:27.285 [FXGL Background Thread 3 ] DEBUG Engine               - class com.almasb.fxgl.net.NetService
18:03:27.285 [FXGL Background Thread 3 ] DEBUG Engine               - class com.almasb.fxgl.app.services.UpdaterService
18:03:27.285 [FXGL Background Thread 3 ] DEBUG Engine               - class com.almasb.fxgl.dev.DevService
18:03:44.964 [JavaFX Application Thread] DEBUG GameApplicationServi - Starting new game
18:03:44.964 [JavaFX Application Thread] DEBUG PrimaryStageWindow   - Pop state: MainMenu
18:03:44.964 [JavaFX Application Thread] DEBUG Input                - Clearing active input actions
18:03:44.966 [JavaFX Application Thread] DEBUG GameApplicationServi - Removing overlay from MainMenu and adding to FXGLMainMenuDummyScene
18:03:44.966 [JavaFX Application Thread] DEBUG PrimaryStageWindow   - FXGLMainMenuDummyScene <- MainMenu
18:03:44.967 [JavaFX Application Thread] DEBUG Input                - Clearing active input actions
18:03:44.968 [JavaFX Application Thread] DEBUG GameApplicationServi - Removing overlay from FXGLMainMenuDummyScene and adding to GameLoadingScene
18:03:44.968 [JavaFX Application Thread] DEBUG PrimaryStageWindow   - FXGLMainMenuDummyScene -> GameLoadingScene
18:03:44.968 [JavaFX Application Thread] DEBUG GameApplicationServi - Clearing previous game
18:03:44.968 [JavaFX Application Thread] DEBUG GameScene            - Clearing game scene
18:03:44.968 [JavaFX Application Thread] DEBUG GameWorld            - Clearing game world
18:03:44.968 [JavaFX Application Thread] DEBUG PhysicsWorld         - Clearing physics world
18:03:44.971 [FXGL Background Thread 2 ] DEBUG FXGLApplication      - Initializing game
18:03:44.974 [FXGL Background Thread 2 ] DEBUG FXGLAssetLoaderServi - Loading from file system: file:/D:/Q1/FutureFighter/target/classes/assets/music/bgm1.mp3
18:03:45.020 [FXGL Background Thread 2 ] DEBUG AudioPlayer          - Playing music com.almasb.fxgl.audio.Music@6b90e2cc
18:03:45.037 [FXGL Background Thread 2 ] DEBUG FXGLAssetLoaderServi - Loading from file system: file:/D:/Q1/FutureFighter/target/classes/assets/textures/background/back1.png
18:03:45.063 [FXGL Background Thread 2 ] DEBUG FXGLAssetLoaderServi - Loading from file system: file:/D:/Q1/FutureFighter/target/classes/assets/textures/player/player1_main.png
18:03:45.083 [FXGL Background Thread 2 ] DEBUG FXGLAssetLoaderServi - Loading from file system: file:/D:/Q1/FutureFighter/target/classes/assets/textures/ui/HpBar1.png
18:03:45.084 [FXGL Background Thread 2 ] DEBUG FXGLAssetLoaderServi - Loading from file system: file:/D:/Q1/FutureFighter/target/classes/assets/textures/ui/HpBar3.png
18:03:45.087 [FXGL Background Thread 2 ] DEBUG FXGLAssetLoaderServi - Loading from file system: file:/D:/Q1/FutureFighter/target/classes/assets/textures/ui/HpBar2.png
18:03:45.090 [FXGL Background Thread 2 ] DEBUG FXGLAssetLoaderServi - Loading from file system: file:/D:/Q1/FutureFighter/target/classes/assets/textures/ui/score.png
18:03:45.091 [FXGL Background Thread 2 ] DEBUG FXGLAssetLoaderServi - Loading from file system: file:/D:/Q1/FutureFighter/target/classes/assets/textures/num/0.png
18:03:45.092 [FXGL Background Thread 2 ] DEBUG FXGLAssetLoaderServi - Loading from file system: file:/D:/Q1/FutureFighter/target/classes/assets/textures/num/1.png
18:03:45.093 [FXGL Background Thread 2 ] DEBUG FXGLAssetLoaderServi - Loading from file system: file:/D:/Q1/FutureFighter/target/classes/assets/textures/num/2.png
18:03:45.094 [FXGL Background Thread 2 ] DEBUG FXGLAssetLoaderServi - Loading from file system: file:/D:/Q1/FutureFighter/target/classes/assets/textures/num/3.png
18:03:45.094 [FXGL Background Thread 2 ] DEBUG FXGLAssetLoaderServi - Loading from file system: file:/D:/Q1/FutureFighter/target/classes/assets/textures/num/4.png
18:03:45.095 [FXGL Background Thread 2 ] DEBUG FXGLAssetLoaderServi - Loading from file system: file:/D:/Q1/FutureFighter/target/classes/assets/textures/num/5.png
18:03:45.096 [FXGL Background Thread 2 ] DEBUG FXGLAssetLoaderServi - Loading from file system: file:/D:/Q1/FutureFighter/target/classes/assets/textures/num/6.png
18:03:45.096 [FXGL Background Thread 2 ] DEBUG FXGLAssetLoaderServi - Loading from file system: file:/D:/Q1/FutureFighter/target/classes/assets/textures/num/7.png
18:03:45.096 [FXGL Background Thread 2 ] DEBUG FXGLAssetLoaderServi - Loading from file system: file:/D:/Q1/FutureFighter/target/classes/assets/textures/num/8.png
18:03:45.097 [FXGL Background Thread 2 ] DEBUG FXGLAssetLoaderServi - Loading from file system: file:/D:/Q1/FutureFighter/target/classes/assets/textures/num/9.png
18:03:45.098 [FXGL Background Thread 2 ] INFO  FXGLApplication      - Game initialization took: 0.128 sec
18:03:45.099 [JavaFX Application Thread] DEBUG Input                - Clearing active input actions
18:03:45.102 [JavaFX Application Thread] DEBUG GameApplicationServi - Removing overlay from GameLoadingScene and adding to GameScene
18:03:45.102 [JavaFX Application Thread] DEBUG PrimaryStageWindow   - GameLoadingScene -> GameScene
18:03:45.103 [JavaFX Application Thread] DEBUG FXGLAssetLoaderServi - Loading from file system: file:/D:/Q1/FutureFighter/target/classes/assets/text/chat.txt
18:03:45.113 [JavaFX Application Thread] DEBUG Input                - Registered new binding: Next RPG Line - Enter
18:03:45.114 [JavaFX Application Thread] DEBUG FXGLAssetLoaderServi - Loading from file system: file:/D:/Q1/FutureFighter/target/classes/assets/textures/p1.png
18:03:45.117 [JavaFX Application Thread] DEBUG PrimaryStageWindow   - Push state: CutsceneScene
18:03:45.117 [JavaFX Application Thread] DEBUG Input                - Clearing active input actions
18:03:45.118 [JavaFX Application Thread] DEBUG GameApplicationServi - Removing overlay from GameScene and adding to CutsceneScene
18:03:45.118 [JavaFX Application Thread] DEBUG PrimaryStageWindow   - GameScene -> CutsceneScene
18:03:46.458 [JavaFX Application Thread] DEBUG FXGLAssetLoaderServi - Loading from file system: file:/D:/Q1/FutureFighter/target/classes/assets/textures/p2.png
18:03:46.603 [JavaFX Application Thread] DEBUG FXGLAssetLoaderServi - Loading from file system: file:/D:/Q1/FutureFighter/target/classes/assets/textures/p3.png
18:03:47.478 [JavaFX Application Thread] DEBUG PrimaryStageWindow   - Pop state: CutsceneScene
18:03:47.478 [JavaFX Application Thread] DEBUG Input                - Clearing active input actions
18:03:47.478 [JavaFX Application Thread] DEBUG GameApplicationServi - Removing overlay from CutsceneScene and adding to GameScene
18:03:47.479 [JavaFX Application Thread] DEBUG PrimaryStageWindow   - GameScene <- CutsceneScene
18:03:47.789 [JavaFX Application Thread] DEBUG FXGLAssetLoaderServi - Loading from file system: file:/D:/Q1/FutureFighter/target/classes/assets/textures/player/bullet1.png
18:03:50.266 [JavaFX Application Thread] DEBUG FXGLAssetLoaderServi - Loading from file system: file:/D:/Q1/FutureFighter/target/classes/assets/textures/enemy/bullet2.png
18:03:55.198 [JavaFX Application Thread] DEBUG FXGLAssetLoaderServi - Loading from file system: file:/D:/Q1/FutureFighter/target/classes/assets/textures/ui/explosion.png
18:03:56.216 [JavaFX Application Thread] DEBUG FXGLAssetLoaderServi - Loading from file system: file:/D:/Q1/FutureFighter/target/classes/assets/textures/ui/hpUP.png
18:03:58.846 [JavaFX Application Thread] DEBUG FXGLAssetLoaderServi - Loading from file system: file:/D:/Q1/FutureFighter/target/classes/assets/textures/player/lazer1.png
18:03:58.848 [JavaFX Application Thread] DEBUG FXGLAssetLoaderServi - Loading from file system: file:/D:/Q1/FutureFighter/target/classes/assets/sounds/lazer.mp3
18:04:48.797 [JavaFX Application Thread] DEBUG FXGLAssetLoaderServi - Loading from file system: file:/D:/Q1/FutureFighter/target/classes/assets/sounds/items.wav
18:05:33.849 [JavaFX Application Thread] DEBUG FXGLApplication      - Exiting FXGL
18:05:33.849 [JavaFX Application Thread] DEBUG LoopRunner           - Stopping loop
18:05:33.849 [JavaFX Application Thread] DEBUG SystemBundleService  - Saving FXGL system data
18:05:33.851 [JavaFX Application Thread] DEBUG FileSystemAccess     - Writing to: D:\Q1\FutureFighter\system\fxgl.bundle
18:05:33.852 [JavaFX Application Thread] DEBUG Async                - Shutting down background threads
18:05:33.852 [JavaFX Application Thread] DEBUG PrimaryStageWindow   - Closing main window
18:05:33.888 [JavaFX Application Thread] DEBUG Logger               - Closing Logger
